<?xml version="1.0" encoding="UTF-8"?>
<!-- Generated by org.testng.reporters.JUnitReportReporter -->
<testsuite skipped="0" hostname="QTLSYS0-225" name="tests.QCStore" tests="1" failures="0" timestamp="10 Dec 2020 05:09:41 GMT" time="866.931" errors="0">
  <testcase name="QC_LAPDL_DCDeposit_Return_Redeposit_Txn_Testdata" time="866.931" classname="tests.QCStore"/>
</testsuite> <!-- tests.QCStore -->
