<?xml version="1.0" encoding="UTF-8"?>
<!-- Generated by org.testng.reporters.JUnitReportReporter -->
<testsuite skipped="0" hostname="QTLSYS0-225" name="tests.QCStore" tests="1" failures="0" timestamp="17 Dec 2020 10:01:42 GMT" time="850.532" errors="0">
  <testcase name="QC_Online_NMILP_DC_ACH_Payment_Txn_Testdata" time="850.532" classname="tests.QCStore"/>
</testsuite> <!-- tests.QCStore -->
