<?xml version="1.0" encoding="UTF-8"?>
<!-- Generated by org.testng.reporters.JUnitReportReporter -->
<testsuite skipped="0" hostname="QTLSYS0-225" name="tests.QCStore" tests="25" failures="0" timestamp="10 Dec 2020 15:28:54 GMT" time="12239.724" errors="0">
  <testcase name="QC_Sprint_B20_178_1_Txn_Testdata" time="512.500" classname="tests.QCStore"/>
  <testcase name="QC_Sprint_B20_178_2_Txn_Testdata" time="451.095" classname="tests.QCStore"/>
  <testcase name="QC_Sprint_B20_178_3_Txn_Testdata" time="410.129" classname="tests.QCStore"/>
  <testcase name="QC_Sprint_B20_178_5_Txn_Testdata" time="336.539" classname="tests.QCStore"/>
  <testcase name="QC_Sprint_B20_179_1_Txn_Testdata" time="639.565" classname="tests.QCStore"/>
  <testcase name="QC_Sprint_B20_179_2_Txn_Testdata" time="466.844" classname="tests.QCStore"/>
  <testcase name="QC_Sprint_B20_179_6_Txn_Testdata" time="482.786" classname="tests.QCStore"/>
  <testcase name="QC_Sprint_B20_180_1_Txn_Testdata" time="619.839" classname="tests.QCStore"/>
  <testcase name="QC_Sprint_B20_180_2_Txn_Testdata" time="580.976" classname="tests.QCStore"/>
  <testcase name="QC_Sprint_B20_180_3_Txn_Testdata" time="494.013" classname="tests.QCStore"/>
  <testcase name="QC_Sprint_B20_180_6_Txn_Testdata" time="506.318" classname="tests.QCStore"/>
  <testcase name="QC_Sprint_B20_181_1_Txn_Testdata" time="501.751" classname="tests.QCStore"/>
  <testcase name="QC_Sprint_B20_181_2_Txn_Testdata" time="629.163" classname="tests.QCStore"/>
  <testcase name="QC_Sprint_B20_181_3_Txn_Testdata" time="414.181" classname="tests.QCStore"/>
  <testcase name="QC_Sprint_B20_181_7_Txn_Testdata" time="541.315" classname="tests.QCStore"/>
  <testcase name="QC_Sprint_B20_182_1_Txn_Testdata" time="508.681" classname="tests.QCStore"/>
  <testcase name="QC_Sprint_B20_182_2_Txn_Testdata" time="366.229" classname="tests.QCStore"/>
  <testcase name="QC_Sprint_B20_182_6_Txn_Testdata" time="517.066" classname="tests.QCStore"/>
  <testcase name="QC_Sprint_B20_183_1_Txn_Testdata" time="421.441" classname="tests.QCStore"/>
  <testcase name="QC_Sprint_B20_183_2_Txn_Testdata" time="353.617" classname="tests.QCStore"/>
  <testcase name="QC_Sprint_B20_183_6_Txn_Testdata" time="408.554" classname="tests.QCStore"/>
  <testcase name="QC_Sprint_B20_184_1_Txn_Testdata" time="602.623" classname="tests.QCStore"/>
  <testcase name="QC_Sprint_B20_184_2_Txn_Testdata" time="439.662" classname="tests.QCStore"/>
  <testcase name="QC_Sprint_B20_184_4_Txn_Testdata" time="488.999" classname="tests.QCStore"/>
  <testcase name="QC_Sprint_B20_184_5_Txn_Testdata" time="545.838" classname="tests.QCStore"/>
</testsuite> <!-- tests.QCStore -->
