<?xml version="1.0" encoding="UTF-8"?>
<!-- Generated by org.testng.reporters.JUnitReportReporter -->
<testsuite skipped="0" hostname="QTLSYS0-225" name="tests.QCStore" tests="1" failures="0" timestamp="18 Dec 2020 05:46:14 GMT" time="884.513" errors="0">
  <testcase name="QC_Sprint_Online_LAPDL_ACH_DC_Payment_Txn_Testdata" time="884.513" classname="tests.QCStore"/>
</testsuite> <!-- tests.QCStore -->
